{
"contracts/BaseSystem.sol":{"l":{"21":7,"22":6,"26":432,"27":432},"path":"/Users/veronicac/Desktop/projects/freelance/atlantis-alpha/contracts/BaseSystem.sol","s":{"1":7,"2":432,"3":432},"b":{"1":[6,1]},"f":{"1":7,"2":432},"fnMap":{"1":{"name":"onlyCore","line":20,"loc":{"start":{"line":20,"column":4},"end":{"line":23,"column":4}}},"2":{"name":"constructor","line":25,"loc":{"start":{"line":25,"column":4},"end":{"line":28,"column":4}}}},"statementMap":{"1":{"start":{"line":21,"column":8},"end":{"line":21,"column":74}},"2":{"start":{"line":26,"column":8},"end":{"line":26,"column":24}},"3":{"start":{"line":27,"column":8},"end":{"line":27,"column":27}}},"branchMap":{"1":{"line":21,"type":"if","locations":[{"start":{"line":21,"column":8},"end":{"line":21,"column":8}},{"start":{"line":21,"column":8},"end":{"line":21,"column":8}}]}}},
"contracts/Coordinator.sol":{"l":{"38":0,"40":0,"43":0,"47":0,"50":0,"57":0,"65":0,"71":6,"73":6,"76":6,"81":6,"88":6,"98":2,"102":0,"104":0,"111":0,"122":0,"128":46,"129":46,"131":46,"138":46,"142":46,"156":44,"157":16,"167":21,"178":24,"179":24,"181":24,"183":24,"191":9,"192":9,"194":9,"198":9,"203":8,"207":8,"209":3,"212":2,"215":3},"path":"/Users/veronicac/Desktop/projects/freelance/atlantis-alpha/contracts/Coordinator.sol","s":{"1":0,"2":0,"3":0,"4":0,"5":0,"6":0,"7":0,"8":6,"9":6,"10":6,"11":6,"12":6,"13":2,"14":0,"15":0,"16":0,"17":0,"18":46,"19":46,"20":46,"21":46,"22":46,"23":44,"24":16,"25":21,"26":24,"27":24,"28":24,"29":24,"30":9,"31":9,"32":9,"33":9,"34":8,"35":8,"36":3,"37":5,"38":2,"39":3},"b":{"1":[0,0],"2":[0,0],"3":[6,0],"4":[2,4],"5":[0,0],"6":[46,0],"7":[44,2],"8":[16,28],"9":[24,0],"10":[8,1],"11":[3,5],"12":[2,3]},"f":{"1":72,"2":0,"3":6,"4":0,"5":46,"6":21,"7":24,"8":9},"fnMap":{"1":{"name":"constructor","line":19,"loc":{"start":{"line":18,"column":4},"end":{"line":20,"column":5}}},"2":{"name":"isExecutable","line":37,"loc":{"start":{"line":37,"column":4},"end":{"line":68,"column":4}}},"3":{"name":"setExecute","line":70,"loc":{"start":{"line":70,"column":4},"end":{"line":99,"column":4}}},"4":{"name":"isVotable","line":101,"loc":{"start":{"line":101,"column":4},"end":{"line":125,"column":4}}},"5":{"name":"voting","line":127,"loc":{"start":{"line":127,"column":4},"end":{"line":159,"column":4}}},"6":{"name":"getSubSystem","line":161,"loc":{"start":{"line":161,"column":4},"end":{"line":168,"column":4}}},"7":{"name":"addSubSystem","line":174,"loc":{"start":{"line":174,"column":4},"end":{"line":184,"column":4}}},"8":{"name":"queueProposal","line":190,"loc":{"start":{"line":190,"column":4},"end":{"line":217,"column":4}}}},"statementMap":{"1":{"start":{"line":38,"column":8},"end":{"line":38,"column":68}},"2":{"start":{"line":40,"column":8},"end":{"line":40,"column":58}},"3":{"start":{"line":43,"column":8},"end":{"line":43,"column":1800}},"4":{"start":{"line":47,"column":12},"end":{"line":47,"column":24}},"5":{"start":{"line":50,"column":8},"end":{"line":50,"column":2114}},"6":{"start":{"line":57,"column":8},"end":{"line":57,"column":2250}},"7":{"start":{"line":65,"column":12},"end":{"line":65,"column":23}},"8":{"start":{"line":71,"column":8},"end":{"line":71,"column":68}},"9":{"start":{"line":73,"column":8},"end":{"line":73,"column":58}},"10":{"start":{"line":76,"column":8},"end":{"line":76,"column":61}},"11":{"start":{"line":81,"column":8},"end":{"line":81,"column":3215}},"12":{"start":{"line":88,"column":8},"end":{"line":88,"column":3338}},"13":{"start":{"line":98,"column":8},"end":{"line":98,"column":40}},"14":{"start":{"line":102,"column":8},"end":{"line":102,"column":68}},"15":{"start":{"line":104,"column":8},"end":{"line":104,"column":3888}},"16":{"start":{"line":111,"column":8},"end":{"line":111,"column":4041}},"17":{"start":{"line":122,"column":12},"end":{"line":122,"column":23}},"18":{"start":{"line":128,"column":8},"end":{"line":128,"column":68}},"19":{"start":{"line":129,"column":8},"end":{"line":129,"column":76}},"20":{"start":{"line":131,"column":8},"end":{"line":131,"column":4842}},"21":{"start":{"line":138,"column":8},"end":{"line":138,"column":5003}},"22":{"start":{"line":142,"column":8},"end":{"line":142,"column":5121}},"23":{"start":{"line":156,"column":8},"end":{"line":156,"column":5671}},"24":{"start":{"line":157,"column":12},"end":{"line":157,"column":43}},"25":{"start":{"line":167,"column":8},"end":{"line":167,"column":51}},"26":{"start":{"line":178,"column":8},"end":{"line":178,"column":64}},"27":{"start":{"line":179,"column":8},"end":{"line":179,"column":64}},"28":{"start":{"line":181,"column":8},"end":{"line":181,"column":77}},"29":{"start":{"line":183,"column":8},"end":{"line":183,"column":67}},"30":{"start":{"line":191,"column":8},"end":{"line":191,"column":76}},"31":{"start":{"line":192,"column":8},"end":{"line":192,"column":68}},"32":{"start":{"line":194,"column":8},"end":{"line":194,"column":7005}},"33":{"start":{"line":198,"column":8},"end":{"line":198,"column":7083}},"34":{"start":{"line":203,"column":8},"end":{"line":203,"column":7224}},"35":{"start":{"line":207,"column":8},"end":{"line":207,"column":7329}},"36":{"start":{"line":209,"column":12},"end":{"line":209,"column":43}},"37":{"start":{"line":210,"column":15},"end":{"line":210,"column":7465}},"38":{"start":{"line":212,"column":12},"end":{"line":212,"column":45}},"39":{"start":{"line":215,"column":12},"end":{"line":215,"column":43}}},"branchMap":{"1":{"line":43,"type":"if","locations":[{"start":{"line":43,"column":8},"end":{"line":43,"column":8}},{"start":{"line":43,"column":8},"end":{"line":43,"column":8}}]},"2":{"line":57,"type":"if","locations":[{"start":{"line":57,"column":8},"end":{"line":57,"column":8}},{"start":{"line":57,"column":8},"end":{"line":57,"column":8}}]},"3":{"line":76,"type":"if","locations":[{"start":{"line":76,"column":8},"end":{"line":76,"column":8}},{"start":{"line":76,"column":8},"end":{"line":76,"column":8}}]},"4":{"line":88,"type":"if","locations":[{"start":{"line":88,"column":8},"end":{"line":88,"column":8}},{"start":{"line":88,"column":8},"end":{"line":88,"column":8}}]},"5":{"line":111,"type":"if","locations":[{"start":{"line":111,"column":8},"end":{"line":111,"column":8}},{"start":{"line":111,"column":8},"end":{"line":111,"column":8}}]},"6":{"line":138,"type":"if","locations":[{"start":{"line":138,"column":8},"end":{"line":138,"column":8}},{"start":{"line":138,"column":8},"end":{"line":138,"column":8}}]},"7":{"line":142,"type":"if","locations":[{"start":{"line":142,"column":8},"end":{"line":142,"column":8}},{"start":{"line":142,"column":8},"end":{"line":142,"column":8}}]},"8":{"line":156,"type":"if","locations":[{"start":{"line":156,"column":8},"end":{"line":156,"column":8}},{"start":{"line":156,"column":8},"end":{"line":156,"column":8}}]},"9":{"line":181,"type":"if","locations":[{"start":{"line":181,"column":8},"end":{"line":181,"column":8}},{"start":{"line":181,"column":8},"end":{"line":181,"column":8}}]},"10":{"line":198,"type":"if","locations":[{"start":{"line":198,"column":8},"end":{"line":198,"column":8}},{"start":{"line":198,"column":8},"end":{"line":198,"column":8}}]},"11":{"line":207,"type":"if","locations":[{"start":{"line":207,"column":8},"end":{"line":207,"column":8}},{"start":{"line":207,"column":8},"end":{"line":207,"column":8}}]},"12":{"line":210,"type":"if","locations":[{"start":{"line":210,"column":15},"end":{"line":210,"column":15}},{"start":{"line":210,"column":15},"end":{"line":210,"column":15}}]}}},
"contracts/Core.sol":{"l":{"42":6,"43":3,"57":24,"58":24,"59":24,"60":24,"61":24,"69":489,"85":6,"87":6,"89":2,"91":2,"98":2,"99":5,"100":5,"112":1,"113":1,"115":1,"119":1,"120":1,"122":1,"126":1,"128":1,"136":123,"138":123},"path":"/Users/veronicac/Desktop/projects/freelance/atlantis-alpha/contracts/Core.sol","s":{"1":6,"2":24,"3":24,"4":24,"5":24,"6":24,"7":489,"8":6,"9":6,"10":2,"11":2,"12":2,"13":5,"14":5,"15":1,"16":1,"17":1,"18":1,"19":1,"20":1,"21":1,"22":1,"23":123,"24":123},"b":{"1":[3,3],"2":[5,0],"3":[1,0],"4":[1,0],"5":[1,0],"6":[1,0],"7":[1,0]},"f":{"1":6,"2":24,"3":489,"4":6,"5":1,"6":1,"7":1,"8":123},"fnMap":{"1":{"name":"onlyCore","line":41,"loc":{"start":{"line":41,"column":4},"end":{"line":44,"column":4}}},"2":{"name":"initialise","line":56,"loc":{"start":{"line":50,"column":4},"end":{"line":62,"column":4}}},"3":{"name":"getInstance","line":68,"loc":{"start":{"line":68,"column":4},"end":{"line":70,"column":4}}},"4":{"name":"execute","line":83,"loc":{"start":{"line":83,"column":4},"end":{"line":102,"column":4}}},"5":{"name":"addContract","line":111,"loc":{"start":{"line":111,"column":4},"end":{"line":116,"column":4}}},"6":{"name":"updateContract","line":118,"loc":{"start":{"line":118,"column":4},"end":{"line":123,"column":4}}},"7":{"name":"deleteContract","line":125,"loc":{"start":{"line":125,"column":4},"end":{"line":129,"column":4}}},"8":{"name":"_addContract","line":135,"loc":{"start":{"line":135,"column":4},"end":{"line":139,"column":4}}}},"statementMap":{"1":{"start":{"line":42,"column":8},"end":{"line":42,"column":73}},"2":{"start":{"line":57,"column":8},"end":{"line":57,"column":42}},"3":{"start":{"line":58,"column":8},"end":{"line":58,"column":46}},"4":{"start":{"line":59,"column":8},"end":{"line":59,"column":42}},"5":{"start":{"line":60,"column":8},"end":{"line":60,"column":53}},"6":{"start":{"line":61,"column":8},"end":{"line":61,"column":53}},"7":{"start":{"line":69,"column":8},"end":{"line":69,"column":31}},"8":{"start":{"line":85,"column":8},"end":{"line":85,"column":62}},"9":{"start":{"line":87,"column":8},"end":{"line":87,"column":31}},"10":{"start":{"line":89,"column":8},"end":{"line":89,"column":54}},"11":{"start":{"line":91,"column":8},"end":{"line":91,"column":3308}},"12":{"start":{"line":98,"column":8},"end":{"line":98,"column":3488}},"13":{"start":{"line":99,"column":12},"end":{"line":99,"column":77}},"14":{"start":{"line":100,"column":12},"end":{"line":100,"column":47}},"15":{"start":{"line":112,"column":8},"end":{"line":112,"column":77}},"16":{"start":{"line":113,"column":8},"end":{"line":113,"column":69}},"17":{"start":{"line":115,"column":8},"end":{"line":115,"column":36}},"18":{"start":{"line":119,"column":8},"end":{"line":119,"column":76}},"19":{"start":{"line":120,"column":8},"end":{"line":120,"column":72}},"20":{"start":{"line":122,"column":8},"end":{"line":122,"column":36}},"21":{"start":{"line":126,"column":8},"end":{"line":126,"column":71}},"22":{"start":{"line":128,"column":8},"end":{"line":128,"column":37}},"23":{"start":{"line":136,"column":8},"end":{"line":136,"column":69}},"24":{"start":{"line":138,"column":8},"end":{"line":138,"column":35}}},"branchMap":{"1":{"line":42,"type":"if","locations":[{"start":{"line":42,"column":8},"end":{"line":42,"column":8}},{"start":{"line":42,"column":8},"end":{"line":42,"column":8}}]},"2":{"line":100,"type":"if","locations":[{"start":{"line":100,"column":12},"end":{"line":100,"column":12}},{"start":{"line":100,"column":12},"end":{"line":100,"column":12}}]},"3":{"line":112,"type":"if","locations":[{"start":{"line":112,"column":8},"end":{"line":112,"column":8}},{"start":{"line":112,"column":8},"end":{"line":112,"column":8}}]},"4":{"line":113,"type":"if","locations":[{"start":{"line":113,"column":8},"end":{"line":113,"column":8}},{"start":{"line":113,"column":8},"end":{"line":113,"column":8}}]},"5":{"line":119,"type":"if","locations":[{"start":{"line":119,"column":8},"end":{"line":119,"column":8}},{"start":{"line":119,"column":8},"end":{"line":119,"column":8}}]},"6":{"line":120,"type":"if","locations":[{"start":{"line":120,"column":8},"end":{"line":120,"column":8}},{"start":{"line":120,"column":8},"end":{"line":120,"column":8}}]},"7":{"line":126,"type":"if","locations":[{"start":{"line":126,"column":8},"end":{"line":126,"column":8}},{"start":{"line":126,"column":8},"end":{"line":126,"column":8}}]}}},
"contracts/CoreLib.sol":{"l":{},"path":"/Users/veronicac/Desktop/projects/freelance/atlantis-alpha/contracts/CoreLib.sol","s":{},"b":{},"f":{},"fnMap":{},"statementMap":{},"branchMap":{}},
"contracts/Executables.sol":{"l":{"49":3,"50":3,"51":3,"65":0,"66":0,"67":0,"68":0,"69":0,"78":40,"93":25,"100":21,"102":21,"103":43,"109":21,"111":21,"116":21,"124":21,"134":20,"138":20,"143":19,"150":19,"155":19,"163":19,"165":19},"path":"/Users/veronicac/Desktop/projects/freelance/atlantis-alpha/contracts/Executables.sol","s":{"1":3,"2":3,"3":3,"4":0,"5":0,"6":0,"7":0,"8":0,"9":40,"10":25,"11":21,"12":21,"13":43,"14":21,"15":21,"16":21,"17":21,"18":20,"19":20,"20":19,"21":19,"22":19,"23":19,"24":19},"b":{"1":[21,4],"2":[21,0],"3":[20,0],"4":[19,1],"5":[19,0]},"f":{"1":72,"2":3,"3":0,"4":40,"5":25,"6":20},"fnMap":{"1":{"name":"constructor","line":32,"loc":{"start":{"line":31,"column":4},"end":{"line":33,"column":5}}},"2":{"name":"getExe","line":39,"loc":{"start":{"line":39,"column":4},"end":{"line":52,"column":4}}},"3":{"name":"getExeInfo","line":54,"loc":{"start":{"line":54,"column":4},"end":{"line":70,"column":4}}},"4":{"name":"getExeId","line":72,"loc":{"start":{"line":72,"column":4},"end":{"line":80,"column":4}}},"5":{"name":"createExe","line":86,"loc":{"start":{"line":86,"column":4},"end":{"line":127,"column":4}}},"6":{"name":"createPropExe","line":129,"loc":{"start":{"line":129,"column":4},"end":{"line":166,"column":4}}}},"statementMap":{"1":{"start":{"line":49,"column":8},"end":{"line":49,"column":40}},"2":{"start":{"line":50,"column":8},"end":{"line":50,"column":42}},"3":{"start":{"line":51,"column":8},"end":{"line":51,"column":38}},"4":{"start":{"line":65,"column":8},"end":{"line":65,"column":40}},"5":{"start":{"line":66,"column":8},"end":{"line":66,"column":42}},"6":{"start":{"line":67,"column":8},"end":{"line":67,"column":38}},"7":{"start":{"line":68,"column":8},"end":{"line":68,"column":48}},"8":{"start":{"line":69,"column":8},"end":{"line":69,"column":40}},"9":{"start":{"line":78,"column":8},"end":{"line":78,"column":2401}},"10":{"start":{"line":93,"column":8},"end":{"line":93,"column":2898}},"11":{"start":{"line":100,"column":8},"end":{"line":100,"column":71}},"12":{"start":{"line":102,"column":8},"end":{"line":102,"column":3281}},"13":{"start":{"line":103,"column":12},"end":{"line":103,"column":3345}},"14":{"start":{"line":109,"column":8},"end":{"line":109,"column":75}},"15":{"start":{"line":111,"column":8},"end":{"line":111,"column":3599}},"16":{"start":{"line":116,"column":8},"end":{"line":116,"column":3720}},"17":{"start":{"line":124,"column":8},"end":{"line":124,"column":58}},"18":{"start":{"line":134,"column":8},"end":{"line":134,"column":4200}},"19":{"start":{"line":138,"column":8},"end":{"line":138,"column":4326}},"20":{"start":{"line":143,"column":8},"end":{"line":143,"column":4444}},"21":{"start":{"line":150,"column":8},"end":{"line":150,"column":4622}},"22":{"start":{"line":155,"column":8},"end":{"line":155,"column":4747}},"23":{"start":{"line":163,"column":8},"end":{"line":163,"column":77}},"24":{"start":{"line":165,"column":8},"end":{"line":165,"column":24}}},"branchMap":{"1":{"line":93,"type":"if","locations":[{"start":{"line":93,"column":8},"end":{"line":93,"column":8}},{"start":{"line":93,"column":8},"end":{"line":93,"column":8}}]},"2":{"line":111,"type":"if","locations":[{"start":{"line":111,"column":8},"end":{"line":111,"column":8}},{"start":{"line":111,"column":8},"end":{"line":111,"column":8}}]},"3":{"line":134,"type":"if","locations":[{"start":{"line":134,"column":8},"end":{"line":134,"column":8}},{"start":{"line":134,"column":8},"end":{"line":134,"column":8}}]},"4":{"line":138,"type":"if","locations":[{"start":{"line":138,"column":8},"end":{"line":138,"column":8}},{"start":{"line":138,"column":8},"end":{"line":138,"column":8}}]},"5":{"line":150,"type":"if","locations":[{"start":{"line":150,"column":8},"end":{"line":150,"column":8}},{"start":{"line":150,"column":8},"end":{"line":150,"column":8}}]}}},
"contracts/interfaces/IBooth.sol":{"l":{},"path":"/Users/veronicac/Desktop/projects/freelance/atlantis-alpha/contracts/interfaces/IBooth.sol","s":{},"b":{},"f":{},"fnMap":{},"statementMap":{},"branchMap":{}},
"contracts/interfaces/ICoord.sol":{"l":{},"path":"/Users/veronicac/Desktop/projects/freelance/atlantis-alpha/contracts/interfaces/ICoord.sol","s":{},"b":{},"f":{},"fnMap":{},"statementMap":{},"branchMap":{}},
"contracts/interfaces/ICore.sol":{"l":{},"path":"/Users/veronicac/Desktop/projects/freelance/atlantis-alpha/contracts/interfaces/ICore.sol","s":{},"b":{},"f":{},"fnMap":{},"statementMap":{},"branchMap":{}},
"contracts/interfaces/IExe.sol":{"l":{},"path":"/Users/veronicac/Desktop/projects/freelance/atlantis-alpha/contracts/interfaces/IExe.sol","s":{},"b":{},"f":{},"fnMap":{},"statementMap":{},"branchMap":{}},
"contracts/interfaces/IProp.sol":{"l":{},"path":"/Users/veronicac/Desktop/projects/freelance/atlantis-alpha/contracts/interfaces/IProp.sol","s":{},"b":{},"f":{},"fnMap":{},"statementMap":{},"branchMap":{}},
"contracts/interfaces/IWeight.sol":{"l":{},"path":"/Users/veronicac/Desktop/projects/freelance/atlantis-alpha/contracts/interfaces/IWeight.sol","s":{},"b":{},"f":{},"fnMap":{},"statementMap":{},"branchMap":{}},
"contracts/openZeppelin/IERC20.sol":{"l":{},"path":"/Users/veronicac/Desktop/projects/freelance/atlantis-alpha/contracts/openZeppelin/IERC20.sol","s":{},"b":{},"f":{},"fnMap":{},"statementMap":{},"branchMap":{}},
"contracts/openZeppelin/Initializable.sol":{"l":{"45":504,"53":96,"57":96,"59":96,"61":96,"62":96,"63":96,"66":96,"68":96,"69":96},"path":"/Users/veronicac/Desktop/projects/freelance/atlantis-alpha/contracts/openZeppelin/Initializable.sol","s":{"1":504,"2":96,"3":96,"4":96,"5":96,"6":96,"7":96,"8":96,"9":96},"b":{"1":[96,0],"2":[96,0],"3":[96,0],"4":[96,0]},"f":{"1":504,"2":96},"fnMap":{"1":{"name":"constructor","line":44,"loc":{"start":{"line":44,"column":4},"end":{"line":46,"column":4}}},"2":{"name":"initializer","line":52,"loc":{"start":{"line":52,"column":4},"end":{"line":71,"column":4}}}},"statementMap":{"1":{"start":{"line":45,"column":8},"end":{"line":45,"column":29}},"2":{"start":{"line":53,"column":8},"end":{"line":53,"column":2333}},"3":{"start":{"line":57,"column":8},"end":{"line":57,"column":71}},"4":{"start":{"line":59,"column":8},"end":{"line":59,"column":44}},"5":{"start":{"line":61,"column":8},"end":{"line":61,"column":2571}},"6":{"start":{"line":62,"column":12},"end":{"line":62,"column":31}},"7":{"start":{"line":63,"column":12},"end":{"line":63,"column":30}},"8":{"start":{"line":68,"column":8},"end":{"line":68,"column":2691}},"9":{"start":{"line":69,"column":12},"end":{"line":69,"column":32}}},"branchMap":{"1":{"line":53,"type":"if","locations":[{"start":{"line":53,"column":8},"end":{"line":53,"column":8}},{"start":{"line":53,"column":8},"end":{"line":53,"column":8}}]},"2":{"line":57,"type":"if","locations":[{"start":{"line":57,"column":8},"end":{"line":57,"column":8}},{"start":{"line":57,"column":8},"end":{"line":57,"column":8}}]},"3":{"line":61,"type":"if","locations":[{"start":{"line":61,"column":8},"end":{"line":61,"column":8}},{"start":{"line":61,"column":8},"end":{"line":61,"column":8}}]},"4":{"line":68,"type":"if","locations":[{"start":{"line":68,"column":8},"end":{"line":68,"column":8}},{"start":{"line":68,"column":8},"end":{"line":68,"column":8}}]}}},
"contracts/openZeppelin/Token.sol":{"l":{"11":194},"path":"/Users/veronicac/Desktop/projects/freelance/atlantis-alpha/contracts/openZeppelin/Token.sol","s":{"1":194},"b":{},"f":{"1":144,"2":194},"fnMap":{"1":{"name":"constructor","line":8,"loc":{"start":{"line":8,"column":4},"end":{"line":8,"column":83}}},"2":{"name":"mint","line":10,"loc":{"start":{"line":10,"column":4},"end":{"line":12,"column":4}}}},"statementMap":{"1":{"start":{"line":11,"column":8},"end":{"line":11,"column":26}}},"branchMap":{}},
"contracts/Proposals.sol":{"l":{"42":26,"43":26,"44":26,"60":24,"61":24,"66":24,"67":24,"68":24,"76":55,"80":0,"84":6,"100":0,"122":94,"139":21,"140":21,"142":21,"143":21,"145":21,"150":21,"152":20,"156":20,"162":19,"163":19,"165":19,"167":19,"176":19,"178":19,"199":0,"200":0,"216":0,"221":0,"222":0,"231":16,"236":16,"247":3,"252":3,"253":3,"264":2,"269":2,"270":2,"283":3,"288":3,"302":2,"307":2,"308":2},"path":"/Users/veronicac/Desktop/projects/freelance/atlantis-alpha/contracts/Proposals.sol","s":{"1":26,"2":26,"3":24,"4":24,"5":24,"6":24,"7":24,"8":55,"9":0,"10":6,"11":0,"12":94,"13":21,"14":21,"15":21,"16":21,"17":21,"18":21,"19":20,"20":20,"21":19,"22":19,"23":19,"24":19,"25":19,"26":19,"27":0,"28":0,"29":0,"30":0,"31":0,"32":16,"33":16,"34":3,"35":3,"36":3,"37":2,"38":2,"39":2,"40":3,"41":3,"42":2,"43":2,"44":2},"b":{"1":[26,0],"2":[24,0],"3":[24,0],"4":[20,1],"5":[19,0],"6":[19,0],"7":[0,0],"8":[0,0],"9":[16,0],"10":[3,0],"11":[2,0],"12":[3,0],"13":[2,0]},"f":{"1":26,"2":72,"3":24,"4":55,"5":0,"6":6,"7":0,"8":94,"9":21,"10":0,"11":0,"12":16,"13":3,"14":2,"15":3,"16":2},"fnMap":{"1":{"name":"onlyCoord","line":41,"loc":{"start":{"line":41,"column":4},"end":{"line":45,"column":4}}},"2":{"name":"constructor","line":52,"loc":{"start":{"line":51,"column":4},"end":{"line":53,"column":5}}},"3":{"name":"initialise","line":59,"loc":{"start":{"line":55,"column":4},"end":{"line":69,"column":4}}},"4":{"name":"getVoteType","line":75,"loc":{"start":{"line":75,"column":4},"end":{"line":77,"column":4}}},"5":{"name":"getExeOfProp","line":79,"loc":{"start":{"line":79,"column":4},"end":{"line":81,"column":4}}},"6":{"name":"getPropOfExe","line":83,"loc":{"start":{"line":83,"column":4},"end":{"line":85,"column":4}}},"7":{"name":"getProposalInfo","line":87,"loc":{"start":{"line":87,"column":4},"end":{"line":109,"column":4}}},"8":{"name":"getPropVotables","line":111,"loc":{"start":{"line":111,"column":4},"end":{"line":128,"column":4}}},"9":{"name":"createPropWithExe","line":134,"loc":{"start":{"line":134,"column":4},"end":{"line":181,"column":4}}},"10":{"name":"updateMinDelay","line":198,"loc":{"start":{"line":198,"column":4},"end":{"line":201,"column":4}}},"11":{"name":"updateDelays","line":214,"loc":{"start":{"line":212,"column":4},"end":{"line":223,"column":4}}},"12":{"name":"propVoting","line":230,"loc":{"start":{"line":230,"column":4},"end":{"line":237,"column":4}}},"13":{"name":"propExpire","line":246,"loc":{"start":{"line":246,"column":4},"end":{"line":254,"column":4}}},"14":{"name":"propDefeated","line":263,"loc":{"start":{"line":263,"column":4},"end":{"line":271,"column":4}}},"15":{"name":"propQueued","line":282,"loc":{"start":{"line":282,"column":4},"end":{"line":289,"column":4}}},"16":{"name":"propExecuted","line":301,"loc":{"start":{"line":301,"column":4},"end":{"line":309,"column":4}}}},"statementMap":{"1":{"start":{"line":42,"column":8},"end":{"line":42,"column":64}},"2":{"start":{"line":43,"column":8},"end":{"line":43,"column":72}},"3":{"start":{"line":60,"column":8},"end":{"line":60,"column":56}},"4":{"start":{"line":61,"column":8},"end":{"line":61,"column":1895}},"5":{"start":{"line":66,"column":8},"end":{"line":66,"column":28}},"6":{"start":{"line":67,"column":8},"end":{"line":67,"column":36}},"7":{"start":{"line":68,"column":8},"end":{"line":68,"column":32}},"8":{"start":{"line":76,"column":8},"end":{"line":76,"column":39}},"9":{"start":{"line":80,"column":8},"end":{"line":80,"column":36}},"10":{"start":{"line":84,"column":8},"end":{"line":84,"column":33}},"11":{"start":{"line":100,"column":8},"end":{"line":100,"column":3033}},"12":{"start":{"line":122,"column":8},"end":{"line":122,"column":3567}},"13":{"start":{"line":139,"column":8},"end":{"line":139,"column":63}},"14":{"start":{"line":140,"column":8},"end":{"line":140,"column":71}},"15":{"start":{"line":142,"column":8},"end":{"line":142,"column":26}},"16":{"start":{"line":143,"column":8},"end":{"line":143,"column":30}},"17":{"start":{"line":145,"column":8},"end":{"line":145,"column":4311}},"18":{"start":{"line":150,"column":8},"end":{"line":150,"column":65}},"19":{"start":{"line":152,"column":8},"end":{"line":152,"column":4522}},"20":{"start":{"line":156,"column":8},"end":{"line":156,"column":4644}},"21":{"start":{"line":162,"column":8},"end":{"line":162,"column":67}},"22":{"start":{"line":163,"column":8},"end":{"line":163,"column":77}},"23":{"start":{"line":165,"column":8},"end":{"line":165,"column":62}},"24":{"start":{"line":167,"column":8},"end":{"line":167,"column":4994}},"25":{"start":{"line":176,"column":8},"end":{"line":176,"column":37}},"26":{"start":{"line":178,"column":8},"end":{"line":178,"column":53}},"27":{"start":{"line":199,"column":8},"end":{"line":199,"column":53}},"28":{"start":{"line":200,"column":8},"end":{"line":200,"column":26}},"29":{"start":{"line":216,"column":8},"end":{"line":216,"column":6931}},"30":{"start":{"line":221,"column":8},"end":{"line":221,"column":36}},"31":{"start":{"line":222,"column":8},"end":{"line":222,"column":32}},"32":{"start":{"line":231,"column":8},"end":{"line":231,"column":7390}},"33":{"start":{"line":236,"column":8},"end":{"line":236,"column":48}},"34":{"start":{"line":247,"column":8},"end":{"line":247,"column":7962}},"35":{"start":{"line":252,"column":8},"end":{"line":252,"column":49}},"36":{"start":{"line":253,"column":8},"end":{"line":253,"column":35}},"37":{"start":{"line":264,"column":8},"end":{"line":264,"column":8562}},"38":{"start":{"line":269,"column":8},"end":{"line":269,"column":50}},"39":{"start":{"line":270,"column":8},"end":{"line":270,"column":35}},"40":{"start":{"line":283,"column":8},"end":{"line":283,"column":9330}},"41":{"start":{"line":288,"column":8},"end":{"line":288,"column":48}},"42":{"start":{"line":302,"column":8},"end":{"line":302,"column":10138}},"43":{"start":{"line":307,"column":8},"end":{"line":307,"column":50}},"44":{"start":{"line":308,"column":8},"end":{"line":308,"column":35}}},"branchMap":{"1":{"line":43,"type":"if","locations":[{"start":{"line":43,"column":8},"end":{"line":43,"column":8}},{"start":{"line":43,"column":8},"end":{"line":43,"column":8}}]},"2":{"line":60,"type":"if","locations":[{"start":{"line":60,"column":8},"end":{"line":60,"column":8}},{"start":{"line":60,"column":8},"end":{"line":60,"column":8}}]},"3":{"line":61,"type":"if","locations":[{"start":{"line":61,"column":8},"end":{"line":61,"column":8}},{"start":{"line":61,"column":8},"end":{"line":61,"column":8}}]},"4":{"line":150,"type":"if","locations":[{"start":{"line":150,"column":8},"end":{"line":150,"column":8}},{"start":{"line":150,"column":8},"end":{"line":150,"column":8}}]},"5":{"line":162,"type":"if","locations":[{"start":{"line":162,"column":8},"end":{"line":162,"column":8}},{"start":{"line":162,"column":8},"end":{"line":162,"column":8}}]},"6":{"line":163,"type":"if","locations":[{"start":{"line":163,"column":8},"end":{"line":163,"column":8}},{"start":{"line":163,"column":8},"end":{"line":163,"column":8}}]},"7":{"line":199,"type":"if","locations":[{"start":{"line":199,"column":8},"end":{"line":199,"column":8}},{"start":{"line":199,"column":8},"end":{"line":199,"column":8}}]},"8":{"line":216,"type":"if","locations":[{"start":{"line":216,"column":8},"end":{"line":216,"column":8}},{"start":{"line":216,"column":8},"end":{"line":216,"column":8}}]},"9":{"line":231,"type":"if","locations":[{"start":{"line":231,"column":8},"end":{"line":231,"column":8}},{"start":{"line":231,"column":8},"end":{"line":231,"column":8}}]},"10":{"line":247,"type":"if","locations":[{"start":{"line":247,"column":8},"end":{"line":247,"column":8}},{"start":{"line":247,"column":8},"end":{"line":247,"column":8}}]},"11":{"line":264,"type":"if","locations":[{"start":{"line":264,"column":8},"end":{"line":264,"column":8}},{"start":{"line":264,"column":8},"end":{"line":264,"column":8}}]},"12":{"line":283,"type":"if","locations":[{"start":{"line":283,"column":8},"end":{"line":283,"column":8}},{"start":{"line":283,"column":8},"end":{"line":283,"column":8}}]},"13":{"line":302,"type":"if","locations":[{"start":{"line":302,"column":8},"end":{"line":302,"column":8}},{"start":{"line":302,"column":8},"end":{"line":302,"column":8}}]}}},
"contracts/test/Testable.sol":{"l":{"20":504,"27":0,"28":0,"37":0,"46":141,"47":141,"49":0},"path":"/Users/veronicac/Desktop/projects/freelance/atlantis-alpha/contracts/test/Testable.sol","s":{"1":504,"2":0,"3":0,"4":141,"5":141,"6":0},"b":{"1":[0,0],"2":[141,0]},"f":{"1":504,"2":0,"3":0,"4":141},"fnMap":{"1":{"name":"constructor","line":19,"loc":{"start":{"line":19,"column":4},"end":{"line":21,"column":4}}},"2":{"name":"onlyIfTest","line":26,"loc":{"start":{"line":26,"column":4},"end":{"line":29,"column":4}}},"3":{"name":"setCurrentTime","line":36,"loc":{"start":{"line":36,"column":4},"end":{"line":38,"column":4}}},"4":{"name":"getCurrentTime","line":45,"loc":{"start":{"line":45,"column":4},"end":{"line":51,"column":4}}}},"statementMap":{"1":{"start":{"line":20,"column":8},"end":{"line":20,"column":35}},"2":{"start":{"line":27,"column":8},"end":{"line":27,"column":44}},"3":{"start":{"line":37,"column":8},"end":{"line":37,"column":47}},"4":{"start":{"line":46,"column":8},"end":{"line":46,"column":1521}},"5":{"start":{"line":47,"column":12},"end":{"line":47,"column":55}},"6":{"start":{"line":49,"column":12},"end":{"line":49,"column":34}}},"branchMap":{"1":{"line":27,"type":"if","locations":[{"start":{"line":27,"column":8},"end":{"line":27,"column":8}},{"start":{"line":27,"column":8},"end":{"line":27,"column":8}}]},"2":{"line":46,"type":"if","locations":[{"start":{"line":46,"column":8},"end":{"line":46,"column":8}},{"start":{"line":46,"column":8},"end":{"line":46,"column":8}}]}}},
"contracts/test/TestExecutable.sol":{"l":{"18":1,"19":1,"27":1,"28":1,"32":0,"36":0,"40":2,"44":0,"48":2,"52":0,"56":0},"path":"/Users/veronicac/Desktop/projects/freelance/atlantis-alpha/contracts/test/TestExecutable.sol","s":{"1":1,"2":1,"3":1,"4":1,"5":0,"6":0,"7":2,"8":0,"9":2,"10":0,"11":0},"b":{},"f":{"1":72,"2":1,"3":1,"4":0,"5":0,"6":2,"7":0,"8":2,"9":0,"10":0},"fnMap":{"1":{"name":"constructor","line":11,"loc":{"start":{"line":11,"column":4},"end":{"line":11,"column":50}}},"2":{"name":"setNumber","line":13,"loc":{"start":{"line":13,"column":4},"end":{"line":20,"column":4}}},"3":{"name":"setBytes","line":22,"loc":{"start":{"line":22,"column":4},"end":{"line":29,"column":4}}},"4":{"name":"isExecutable","line":31,"loc":{"start":{"line":31,"column":4},"end":{"line":33,"column":4}}},"5":{"name":"encodeBool","line":35,"loc":{"start":{"line":35,"column":4},"end":{"line":37,"column":4}}},"6":{"name":"encodeBytes32","line":39,"loc":{"start":{"line":39,"column":4},"end":{"line":41,"column":4}}},"7":{"name":"encodeBytes","line":43,"loc":{"start":{"line":43,"column":4},"end":{"line":45,"column":4}}},"8":{"name":"encodeKeyAddress","line":47,"loc":{"start":{"line":47,"column":4},"end":{"line":49,"column":4}}},"9":{"name":"encodeAddress","line":51,"loc":{"start":{"line":51,"column":4},"end":{"line":53,"column":4}}},"10":{"name":"getTime","line":55,"loc":{"start":{"line":55,"column":4},"end":{"line":57,"column":4}}}},"statementMap":{"1":{"start":{"line":18,"column":8},"end":{"line":18,"column":25}},"2":{"start":{"line":19,"column":8},"end":{"line":19,"column":29}},"3":{"start":{"line":27,"column":8},"end":{"line":27,"column":23}},"4":{"start":{"line":28,"column":8},"end":{"line":28,"column":29}},"5":{"start":{"line":32,"column":8},"end":{"line":32,"column":19}},"6":{"start":{"line":36,"column":8},"end":{"line":36,"column":33}},"7":{"start":{"line":40,"column":8},"end":{"line":40,"column":43}},"8":{"start":{"line":44,"column":8},"end":{"line":44,"column":44}},"9":{"start":{"line":48,"column":8},"end":{"line":48,"column":39}},"10":{"start":{"line":52,"column":8},"end":{"line":52,"column":33}},"11":{"start":{"line":56,"column":8},"end":{"line":56,"column":31}}},"branchMap":{}},
"contracts/test/Timer.sol":{"l":{"11":72,"20":29,"28":141},"path":"/Users/veronicac/Desktop/projects/freelance/atlantis-alpha/contracts/test/Timer.sol","s":{"1":72,"2":29,"3":141},"b":{},"f":{"1":72,"2":29,"3":141},"fnMap":{"1":{"name":"constructor","line":10,"loc":{"start":{"line":10,"column":4},"end":{"line":12,"column":4}}},"2":{"name":"setCurrentTime","line":19,"loc":{"start":{"line":19,"column":4},"end":{"line":21,"column":4}}},"3":{"name":"getCurrentTime","line":27,"loc":{"start":{"line":27,"column":4},"end":{"line":29,"column":4}}}},"statementMap":{"1":{"start":{"line":11,"column":8},"end":{"line":11,"column":36}},"2":{"start":{"line":20,"column":8},"end":{"line":20,"column":25}},"3":{"start":{"line":28,"column":8},"end":{"line":28,"column":26}}},"branchMap":{}},
"contracts/VoteWeight.sol":{"l":{"29":24,"30":24,"58":44,"62":44,"63":0,"65":44,"71":18,"72":18},"path":"/Users/veronicac/Desktop/projects/freelance/atlantis-alpha/contracts/VoteWeight.sol","s":{"1":24,"2":24,"3":44,"4":44,"5":0,"6":44,"7":18,"8":18},"b":{"1":[0,44]},"f":{"1":72,"2":24,"3":44,"4":18},"fnMap":{"1":{"name":"constructor","line":22,"loc":{"start":{"line":21,"column":4},"end":{"line":23,"column":5}}},"2":{"name":"initialise","line":27,"loc":{"start":{"line":25,"column":4},"end":{"line":34,"column":4}}},"3":{"name":"getVoteWeight","line":48,"loc":{"start":{"line":48,"column":4},"end":{"line":67,"column":4}}},"4":{"name":"getTotalWeight","line":69,"loc":{"start":{"line":69,"column":4},"end":{"line":73,"column":4}}}},"statementMap":{"1":{"start":{"line":29,"column":8},"end":{"line":29,"column":36}},"2":{"start":{"line":30,"column":8},"end":{"line":30,"column":36}},"3":{"start":{"line":58,"column":8},"end":{"line":58,"column":1975}},"4":{"start":{"line":62,"column":8},"end":{"line":62,"column":2102}},"5":{"start":{"line":63,"column":12},"end":{"line":63,"column":20}},"6":{"start":{"line":65,"column":12},"end":{"line":65,"column":29}},"7":{"start":{"line":71,"column":8},"end":{"line":71,"column":73}},"8":{"start":{"line":72,"column":8},"end":{"line":72,"column":20}}},"branchMap":{"1":{"line":62,"type":"if","locations":[{"start":{"line":62,"column":8},"end":{"line":62,"column":8}},{"start":{"line":62,"column":8},"end":{"line":62,"column":8}}]}}},
"contracts/VotingBooth.sol":{"l":{"40":24,"48":47,"57":8,"59":8,"61":8,"69":47,"71":47,"72":47,"74":47,"79":46,"81":44,"83":44,"94":0,"106":24,"111":24,"113":24},"path":"/Users/veronicac/Desktop/projects/freelance/atlantis-alpha/contracts/VotingBooth.sol","s":{"1":24,"2":47,"3":8,"4":8,"5":8,"6":47,"7":47,"8":47,"9":47,"10":46,"11":44,"12":44,"13":0,"14":24,"15":24,"16":24},"b":{"1":[46,1],"2":[43,1]},"f":{"1":72,"2":24,"3":47,"4":8,"5":47,"6":0,"7":24},"fnMap":{"1":{"name":"constructor","line":32,"loc":{"start":{"line":31,"column":4},"end":{"line":33,"column":5}}},"2":{"name":"initialise","line":39,"loc":{"start":{"line":35,"column":4},"end":{"line":41,"column":4}}},"3":{"name":"getVoteType","line":47,"loc":{"start":{"line":47,"column":4},"end":{"line":49,"column":4}}},"4":{"name":"consensusReached","line":51,"loc":{"start":{"line":51,"column":4},"end":{"line":62,"column":4}}},"5":{"name":"vote","line":68,"loc":{"start":{"line":68,"column":4},"end":{"line":87,"column":4}}},"6":{"name":"addVoteType","line":93,"loc":{"start":{"line":89,"column":4},"end":{"line":95,"column":4}}},"7":{"name":"_addVoteType","line":101,"loc":{"start":{"line":101,"column":4},"end":{"line":114,"column":4}}}},"statementMap":{"1":{"start":{"line":40,"column":8},"end":{"line":40,"column":72}},"2":{"start":{"line":48,"column":8},"end":{"line":48,"column":43}},"3":{"start":{"line":57,"column":8},"end":{"line":57,"column":68}},"4":{"start":{"line":59,"column":8},"end":{"line":59,"column":73}},"5":{"start":{"line":61,"column":8},"end":{"line":61,"column":49}},"6":{"start":{"line":69,"column":8},"end":{"line":69,"column":70}},"7":{"start":{"line":71,"column":8},"end":{"line":71,"column":68}},"8":{"start":{"line":72,"column":8},"end":{"line":72,"column":73}},"9":{"start":{"line":74,"column":8},"end":{"line":74,"column":2503}},"10":{"start":{"line":79,"column":8},"end":{"line":79,"column":35}},"11":{"start":{"line":81,"column":8},"end":{"line":81,"column":49}},"12":{"start":{"line":83,"column":8},"end":{"line":83,"column":2730}},"13":{"start":{"line":94,"column":8},"end":{"line":94,"column":54}},"14":{"start":{"line":106,"column":8},"end":{"line":106,"column":3389}},"15":{"start":{"line":111,"column":8},"end":{"line":111,"column":71}},"16":{"start":{"line":113,"column":8},"end":{"line":113,"column":55}}},"branchMap":{"1":{"line":74,"type":"if","locations":[{"start":{"line":74,"column":8},"end":{"line":74,"column":8}},{"start":{"line":74,"column":8},"end":{"line":74,"column":8}}]},"2":{"line":83,"type":"if","locations":[{"start":{"line":83,"column":8},"end":{"line":83,"column":8}},{"start":{"line":83,"column":8},"end":{"line":83,"column":8}}]}}},
"contracts/votingTypes/IVoteType.sol":{"l":{},"path":"/Users/veronicac/Desktop/projects/freelance/atlantis-alpha/contracts/votingTypes/IVoteType.sol","s":{},"b":{},"f":{},"fnMap":{},"statementMap":{},"branchMap":{}},
"contracts/votingTypes/SimpleMajority.sol":{"l":{"26":44,"27":44,"28":44,"55":44,"59":32,"67":5,"68":5,"69":5,"73":2,"82":18,"86":18,"88":18,"91":18,"93":10,"95":18,"99":11,"112":44,"118":44,"119":44,"121":44,"125":44,"130":44,"131":43,"132":27,"134":16,"137":1,"140":43},"path":"/Users/veronicac/Desktop/projects/freelance/atlantis-alpha/contracts/votingTypes/SimpleMajority.sol","s":{"1":44,"2":44,"3":44,"4":32,"5":5,"6":5,"7":5,"8":2,"9":18,"10":18,"11":18,"12":18,"13":10,"14":18,"15":11,"16":44,"17":44,"18":44,"19":44,"20":44,"21":44,"22":43,"23":27,"24":16,"25":1,"26":43},"b":{"1":[44,0],"2":[10,8],"3":[11,7],"4":[44,0],"5":[27,16],"6":[0,1]},"f":{"1":44,"2":72,"3":44,"4":32,"5":5,"6":2,"7":18,"8":44},"fnMap":{"1":{"name":"onlyVotingBooth","line":25,"loc":{"start":{"line":25,"column":4},"end":{"line":29,"column":4}}},"2":{"name":"constructor","line":36,"loc":{"start":{"line":35,"column":4},"end":{"line":37,"column":5}}},"3":{"name":"decodeCastBallot","line":50,"loc":{"start":{"line":50,"column":4},"end":{"line":56,"column":4}}},"4":{"name":"encodeBallot","line":58,"loc":{"start":{"line":58,"column":4},"end":{"line":60,"column":4}}},"5":{"name":"getCurrentVote","line":62,"loc":{"start":{"line":62,"column":4},"end":{"line":70,"column":4}}},"6":{"name":"hasVoted","line":72,"loc":{"start":{"line":72,"column":4},"end":{"line":74,"column":4}}},"7":{"name":"consensusReached","line":76,"loc":{"start":{"line":76,"column":4},"end":{"line":101,"column":4}}},"8":{"name":"vote","line":111,"loc":{"start":{"line":107,"column":4},"end":{"line":141,"column":4}}}},"statementMap":{"1":{"start":{"line":26,"column":8},"end":{"line":26,"column":67}},"2":{"start":{"line":27,"column":8},"end":{"line":27,"column":75}},"3":{"start":{"line":55,"column":8},"end":{"line":55,"column":42}},"4":{"start":{"line":59,"column":8},"end":{"line":59,"column":31}},"5":{"start":{"line":67,"column":8},"end":{"line":67,"column":48}},"6":{"start":{"line":68,"column":8},"end":{"line":68,"column":56}},"7":{"start":{"line":69,"column":8},"end":{"line":69,"column":54}},"8":{"start":{"line":73,"column":8},"end":{"line":73,"column":51}},"9":{"start":{"line":82,"column":8},"end":{"line":82,"column":2658}},"10":{"start":{"line":86,"column":8},"end":{"line":86,"column":74}},"11":{"start":{"line":88,"column":8},"end":{"line":88,"column":2882}},"12":{"start":{"line":91,"column":8},"end":{"line":91,"column":2958}},"13":{"start":{"line":93,"column":12},"end":{"line":93,"column":25}},"14":{"start":{"line":95,"column":8},"end":{"line":95,"column":3100}},"15":{"start":{"line":99,"column":12},"end":{"line":99,"column":28}},"16":{"start":{"line":112,"column":8},"end":{"line":112,"column":3668}},"17":{"start":{"line":118,"column":8},"end":{"line":118,"column":50}},"18":{"start":{"line":119,"column":8},"end":{"line":119,"column":44}},"19":{"start":{"line":121,"column":8},"end":{"line":121,"column":3974}},"20":{"start":{"line":125,"column":8},"end":{"line":125,"column":4085}},"21":{"start":{"line":130,"column":8},"end":{"line":130,"column":4201}},"22":{"start":{"line":131,"column":12},"end":{"line":131,"column":4279}},"23":{"start":{"line":132,"column":16},"end":{"line":132,"column":58}},"24":{"start":{"line":134,"column":16},"end":{"line":134,"column":62}},"25":{"start":{"line":137,"column":12},"end":{"line":137,"column":60}},"26":{"start":{"line":140,"column":8},"end":{"line":140,"column":19}}},"branchMap":{"1":{"line":27,"type":"if","locations":[{"start":{"line":27,"column":8},"end":{"line":27,"column":8}},{"start":{"line":27,"column":8},"end":{"line":27,"column":8}}]},"2":{"line":91,"type":"if","locations":[{"start":{"line":91,"column":8},"end":{"line":91,"column":8}},{"start":{"line":91,"column":8},"end":{"line":91,"column":8}}]},"3":{"line":95,"type":"if","locations":[{"start":{"line":95,"column":8},"end":{"line":95,"column":8}},{"start":{"line":95,"column":8},"end":{"line":95,"column":8}}]},"4":{"line":112,"type":"if","locations":[{"start":{"line":112,"column":8},"end":{"line":112,"column":8}},{"start":{"line":112,"column":8},"end":{"line":112,"column":8}}]},"5":{"line":131,"type":"if","locations":[{"start":{"line":131,"column":12},"end":{"line":131,"column":12}},{"start":{"line":131,"column":12},"end":{"line":131,"column":12}}]},"6":{"line":137,"type":"if","locations":[{"start":{"line":137,"column":12},"end":{"line":137,"column":12}},{"start":{"line":137,"column":12},"end":{"line":137,"column":12}}]}}}}
