TN:
SF:/Users/veronicac/Desktop/projects/freelance/atlantis-alpha/contracts/BaseSystem.sol
FN:20,onlyCore
FN:25,constructor
FNF:2
FNH:2
FNDA:11,onlyCore
FNDA:522,constructor
DA:21,11
DA:22,7
DA:26,522
DA:27,522
LF:4
LH:4
BRDA:21,1,0,7
BRDA:21,1,1,4
BRF:2
BRH:2
end_of_record
TN:
SF:/Users/veronicac/Desktop/projects/freelance/atlantis-alpha/contracts/Coordinator.sol
FN:19,constructor
FN:37,isExecutable
FN:70,isVotable
FN:96,getSubSystem
FN:109,voting
FN:143,addSubSystem
FN:155,queueProposal
FN:184,setExecute
FNF:8
FNH:6
FNDA:87,constructor
FNDA:0,isExecutable
FNDA:0,isVotable
FNDA:22,getSubSystem
FNDA:50,voting
FNDA:30,addSubSystem
FNDA:10,queueProposal
FNDA:7,setExecute
DA:38,0
DA:40,0
DA:43,0
DA:47,0
DA:50,0
DA:57,0
DA:65,0
DA:67,0
DA:71,0
DA:73,0
DA:80,0
DA:91,0
DA:93,0
DA:102,22
DA:110,50
DA:111,50
DA:113,50
DA:120,50
DA:124,50
DA:138,48
DA:139,17
DA:147,30
DA:148,30
DA:150,30
DA:152,29
DA:156,10
DA:157,10
DA:159,10
DA:163,10
DA:168,9
DA:172,9
DA:174,3
DA:177,2
DA:180,4
DA:185,7
DA:187,7
DA:190,7
DA:195,7
DA:202,7
DA:212,3
LF:40
LH:27
BRDA:43,1,0,0
BRDA:43,1,1,0
BRDA:57,2,0,0
BRDA:57,2,1,0
BRDA:80,3,0,0
BRDA:80,3,1,0
BRDA:120,4,0,50
BRDA:120,4,1,0
BRDA:124,5,0,48
BRDA:124,5,1,2
BRDA:138,6,0,17
BRDA:138,6,1,31
BRDA:150,7,0,29
BRDA:150,7,1,1
BRDA:163,8,0,9
BRDA:163,8,1,1
BRDA:172,9,0,3
BRDA:172,9,1,6
BRDA:175,10,0,2
BRDA:175,10,1,4
BRDA:190,11,0,7
BRDA:190,11,1,0
BRDA:202,12,0,3
BRDA:202,12,1,4
BRF:24
BRH:16
end_of_record
TN:
SF:/Users/veronicac/Desktop/projects/freelance/atlantis-alpha/contracts/Core.sol
FN:41,onlyCore
FN:56,initialise
FN:68,getInstance
FN:83,execute
FN:111,addContract
FN:118,updateContract
FN:125,deleteContract
FN:135,_addContract
FNF:8
FNH:8
FNDA:6,onlyCore
FNDA:29,initialise
FNDA:546,getInstance
FNDA:7,execute
FNDA:1,addContract
FNDA:1,updateContract
FNDA:1,deleteContract
FNDA:148,_addContract
DA:42,6
DA:43,3
DA:57,29
DA:58,29
DA:59,29
DA:60,29
DA:61,29
DA:69,546
DA:85,7
DA:87,7
DA:89,3
DA:91,3
DA:98,3
DA:99,7
DA:100,7
DA:112,1
DA:113,1
DA:115,1
DA:119,1
DA:120,1
DA:122,1
DA:126,1
DA:128,1
DA:136,148
DA:138,148
LF:25
LH:25
BRDA:42,1,0,3
BRDA:42,1,1,3
BRDA:100,2,0,7
BRDA:100,2,1,0
BRDA:112,3,0,1
BRDA:112,3,1,0
BRDA:113,4,0,1
BRDA:113,4,1,0
BRDA:119,5,0,1
BRDA:119,5,1,0
BRDA:120,6,0,1
BRDA:120,6,1,0
BRDA:126,7,0,1
BRDA:126,7,1,0
BRF:14
BRH:8
end_of_record
TN:
SF:/Users/veronicac/Desktop/projects/freelance/atlantis-alpha/contracts/CoreLib.sol
FNF:0
FNH:0
LF:0
LH:0
BRF:0
BRH:0
end_of_record
TN:
SF:/Users/veronicac/Desktop/projects/freelance/atlantis-alpha/contracts/Executables.sol
FN:32,constructor
FN:39,getExe
FN:54,getExeInfo
FN:72,getExeId
FN:86,createExe
FN:129,createPropExe
FNF:6
FNH:5
FNDA:87,constructor
FNDA:4,getExe
FNDA:0,getExeInfo
FNDA:42,getExeId
FNDA:26,createExe
FNDA:22,createPropExe
DA:49,4
DA:50,4
DA:51,4
DA:65,0
DA:66,0
DA:67,0
DA:68,0
DA:69,0
DA:78,42
DA:93,26
DA:100,22
DA:102,22
DA:103,45
DA:109,22
DA:111,22
DA:116,22
DA:124,22
DA:134,22
DA:138,21
DA:143,20
DA:150,20
DA:155,20
DA:163,20
DA:165,20
LF:24
LH:19
BRDA:93,1,0,22
BRDA:93,1,1,4
BRDA:111,2,0,22
BRDA:111,2,1,0
BRDA:134,3,0,21
BRDA:134,3,1,1
BRDA:138,4,0,20
BRDA:138,4,1,1
BRDA:150,5,0,20
BRDA:150,5,1,0
BRF:10
BRH:8
end_of_record
TN:
SF:/Users/veronicac/Desktop/projects/freelance/atlantis-alpha/contracts/openZeppelin/Initializable.sol
FN:44,constructor
FN:52,initializer
FNF:2
FNH:2
FNDA:609,constructor
FNDA:120,initializer
DA:45,609
DA:53,120
DA:57,116
DA:59,116
DA:61,116
DA:62,116
DA:63,116
DA:66,116
DA:68,116
DA:69,116
LF:10
LH:10
BRDA:53,1,0,116
BRDA:53,1,1,4
BRDA:57,2,0,116
BRDA:57,2,1,0
BRDA:61,3,0,116
BRDA:61,3,1,0
BRDA:68,4,0,116
BRDA:68,4,1,0
BRF:8
BRH:5
end_of_record
TN:
SF:/Users/veronicac/Desktop/projects/freelance/atlantis-alpha/contracts/Proposals.sol
FN:41,onlyCoord
FN:52,constructor
FN:59,initialise
FN:75,getVoteType
FN:79,getExeOfProp
FN:83,getPropOfExe
FN:87,getProposalInfo
FN:111,getPropVotables
FN:134,createPropWithExe
FN:198,updateMinDelay
FN:214,updateDelays
FN:230,propVoting
FN:246,propExpire
FN:263,propDefeated
FN:282,propQueued
FN:301,propExecuted
FNF:16
FNH:12
FNDA:34,onlyCoord
FNDA:87,constructor
FNDA:29,initialise
FNDA:61,getVoteType
FNDA:0,getExeOfProp
FNDA:8,getPropOfExe
FNDA:0,getProposalInfo
FNDA:104,getPropVotables
FNDA:22,createPropWithExe
FNDA:0,updateMinDelay
FNDA:0,updateDelays
FNDA:17,propVoting
FNDA:3,propExpire
FNDA:2,propDefeated
FNDA:4,propQueued
FNDA:3,propExecuted
DA:42,34
DA:43,34
DA:44,29
DA:60,29
DA:61,29
DA:66,29
DA:67,29
DA:68,29
DA:76,61
DA:80,0
DA:84,8
DA:100,0
DA:122,104
DA:139,22
DA:140,22
DA:142,22
DA:143,22
DA:145,22
DA:150,22
DA:152,21
DA:156,21
DA:162,20
DA:163,20
DA:165,20
DA:167,20
DA:176,20
DA:178,20
DA:199,0
DA:200,0
DA:216,0
DA:221,0
DA:222,0
DA:231,17
DA:236,17
DA:247,3
DA:252,3
DA:253,3
DA:264,2
DA:269,2
DA:270,2
DA:283,4
DA:288,4
DA:302,3
DA:307,3
DA:308,3
LF:45
LH:38
BRDA:43,1,0,29
BRDA:43,1,1,5
BRDA:60,2,0,29
BRDA:60,2,1,0
BRDA:61,3,0,29
BRDA:61,3,1,0
BRDA:150,4,0,21
BRDA:150,4,1,1
BRDA:162,5,0,20
BRDA:162,5,1,0
BRDA:163,6,0,20
BRDA:163,6,1,0
BRDA:199,7,0,0
BRDA:199,7,1,0
BRDA:216,8,0,0
BRDA:216,8,1,0
BRDA:231,9,0,17
BRDA:231,9,1,0
BRDA:247,10,0,3
BRDA:247,10,1,0
BRDA:264,11,0,2
BRDA:264,11,1,0
BRDA:283,12,0,4
BRDA:283,12,1,0
BRDA:302,13,0,3
BRDA:302,13,1,0
BRF:26
BRH:13
end_of_record
TN:
SF:/Users/veronicac/Desktop/projects/freelance/atlantis-alpha/contracts/VoteWeight.sol
FN:22,constructor
FN:27,initialise
FN:48,getVoteWeight
FN:69,getTotalWeight
FNF:4
FNH:4
FNDA:87,constructor
FNDA:29,initialise
FNDA:48,getVoteWeight
FNDA:20,getTotalWeight
DA:29,29
DA:30,29
DA:58,48
DA:62,48
DA:63,0
DA:65,48
DA:71,20
DA:72,20
LF:8
LH:7
BRDA:62,1,0,0
BRDA:62,1,1,48
BRF:2
BRH:1
end_of_record
TN:
SF:/Users/veronicac/Desktop/projects/freelance/atlantis-alpha/contracts/VotingBooth.sol
FN:32,constructor
FN:39,initialise
FN:47,getVoteType
FN:51,consensusReached
FN:68,vote
FN:93,addVoteType
FN:101,_addVoteType
FNF:7
FNH:6
FNDA:87,constructor
FNDA:29,initialise
FNDA:51,getVoteType
FNDA:10,consensusReached
FNDA:51,vote
FNDA:0,addVoteType
FNDA:29,_addVoteType
DA:40,29
DA:48,51
DA:57,10
DA:59,10
DA:61,10
DA:69,51
DA:71,51
DA:72,51
DA:74,51
DA:79,50
DA:81,48
DA:83,48
DA:94,0
DA:106,29
DA:111,29
DA:113,29
LF:16
LH:15
BRDA:74,1,0,50
BRDA:74,1,1,1
BRDA:83,2,0,47
BRDA:83,2,1,1
BRF:4
BRH:4
end_of_record
TN:
SF:/Users/veronicac/Desktop/projects/freelance/atlantis-alpha/contracts/votingTypes/SimpleMajority.sol
FN:25,onlyVotingBooth
FN:36,constructor
FN:50,decodeCastBallot
FN:58,encodeBallot
FN:62,getCurrentVote
FN:72,hasVoted
FN:76,consensusReached
FN:111,vote
FNF:8
FNH:8
FNDA:48,onlyVotingBooth
FNDA:87,constructor
FNDA:48,decodeCastBallot
FNDA:34,encodeBallot
FNDA:5,getCurrentVote
FNDA:2,hasVoted
FNDA:20,consensusReached
FNDA:48,vote
DA:26,48
DA:27,48
DA:28,48
DA:55,48
DA:59,34
DA:67,5
DA:68,5
DA:69,5
DA:73,2
DA:82,20
DA:86,20
DA:88,20
DA:91,20
DA:93,12
DA:95,20
DA:99,13
DA:112,48
DA:118,48
DA:119,48
DA:121,48
DA:125,48
DA:130,48
DA:131,47
DA:132,30
DA:134,17
DA:137,1
DA:140,47
LF:27
LH:27
BRDA:27,1,0,48
BRDA:27,1,1,0
BRDA:91,2,0,12
BRDA:91,2,1,8
BRDA:95,3,0,13
BRDA:95,3,1,7
BRDA:112,4,0,48
BRDA:112,4,1,0
BRDA:131,5,0,30
BRDA:131,5,1,17
BRDA:137,6,0,0
BRDA:137,6,1,1
BRF:12
BRH:9
end_of_record
