TN:
SF:/Users/veronicac/Desktop/projects/freelance/atlantis-alpha/contracts/BaseSystem.sol
FN:20,onlyCore
FN:25,constructor
FNF:2
FNH:2
FNDA:10,onlyCore
FNDA:504,constructor
DA:21,10
DA:22,6
DA:26,504
DA:27,504
LF:4
LH:4
BRDA:21,1,0,6
BRDA:21,1,1,4
BRF:2
BRH:2
end_of_record
TN:
SF:/Users/veronicac/Desktop/projects/freelance/atlantis-alpha/contracts/Coordinator.sol
FN:19,constructor
FN:37,isExecutable
FN:70,setExecute
FN:101,isVotable
FN:127,voting
FN:161,getSubSystem
FN:174,addSubSystem
FN:190,queueProposal
FNF:8
FNH:6
FNDA:84,constructor
FNDA:0,isExecutable
FNDA:6,setExecute
FNDA:0,isVotable
FNDA:46,voting
FNDA:21,getSubSystem
FNDA:29,addSubSystem
FNDA:9,queueProposal
DA:38,0
DA:40,0
DA:43,0
DA:47,0
DA:50,0
DA:57,0
DA:65,0
DA:71,6
DA:73,6
DA:76,6
DA:81,6
DA:88,6
DA:98,2
DA:102,0
DA:104,0
DA:111,0
DA:122,0
DA:128,46
DA:129,46
DA:131,46
DA:138,46
DA:142,46
DA:156,44
DA:157,16
DA:167,21
DA:178,29
DA:179,29
DA:181,29
DA:183,28
DA:191,9
DA:192,9
DA:194,9
DA:198,9
DA:203,8
DA:207,8
DA:209,3
DA:212,2
DA:215,3
LF:38
LH:27
BRDA:43,1,0,0
BRDA:43,1,1,0
BRDA:57,2,0,0
BRDA:57,2,1,0
BRDA:76,3,0,6
BRDA:76,3,1,0
BRDA:88,4,0,2
BRDA:88,4,1,4
BRDA:111,5,0,0
BRDA:111,5,1,0
BRDA:138,6,0,46
BRDA:138,6,1,0
BRDA:142,7,0,44
BRDA:142,7,1,2
BRDA:156,8,0,16
BRDA:156,8,1,28
BRDA:181,9,0,28
BRDA:181,9,1,1
BRDA:198,10,0,8
BRDA:198,10,1,1
BRDA:207,11,0,3
BRDA:207,11,1,5
BRDA:210,12,0,2
BRDA:210,12,1,3
BRF:24
BRH:16
end_of_record
TN:
SF:/Users/veronicac/Desktop/projects/freelance/atlantis-alpha/contracts/Core.sol
FN:41,onlyCore
FN:56,initialise
FN:68,getInstance
FN:83,execute
FN:111,addContract
FN:118,updateContract
FN:125,deleteContract
FN:135,_addContract
FNF:8
FNH:8
FNDA:6,onlyCore
FNDA:28,initialise
FNDA:504,getInstance
FNDA:6,execute
FNDA:1,addContract
FNDA:1,updateContract
FNDA:1,deleteContract
FNDA:143,_addContract
DA:42,6
DA:43,3
DA:57,28
DA:58,28
DA:59,28
DA:60,28
DA:61,28
DA:69,504
DA:85,6
DA:87,6
DA:89,2
DA:91,2
DA:98,2
DA:99,5
DA:100,5
DA:112,1
DA:113,1
DA:115,1
DA:119,1
DA:120,1
DA:122,1
DA:126,1
DA:128,1
DA:136,143
DA:138,143
LF:25
LH:25
BRDA:42,1,0,3
BRDA:42,1,1,3
BRDA:100,2,0,5
BRDA:100,2,1,0
BRDA:112,3,0,1
BRDA:112,3,1,0
BRDA:113,4,0,1
BRDA:113,4,1,0
BRDA:119,5,0,1
BRDA:119,5,1,0
BRDA:120,6,0,1
BRDA:120,6,1,0
BRDA:126,7,0,1
BRDA:126,7,1,0
BRF:14
BRH:8
end_of_record
TN:
SF:/Users/veronicac/Desktop/projects/freelance/atlantis-alpha/contracts/CoreLib.sol
FNF:0
FNH:0
LF:0
LH:0
BRF:0
BRH:0
end_of_record
TN:
SF:/Users/veronicac/Desktop/projects/freelance/atlantis-alpha/contracts/Executables.sol
FN:32,constructor
FN:39,getExe
FN:54,getExeInfo
FN:72,getExeId
FN:86,createExe
FN:129,createPropExe
FNF:6
FNH:5
FNDA:84,constructor
FNDA:3,getExe
FNDA:0,getExeInfo
FNDA:40,getExeId
FNDA:25,createExe
FNDA:21,createPropExe
DA:49,3
DA:50,3
DA:51,3
DA:65,0
DA:66,0
DA:67,0
DA:68,0
DA:69,0
DA:78,40
DA:93,25
DA:100,21
DA:102,21
DA:103,43
DA:109,21
DA:111,21
DA:116,21
DA:124,21
DA:134,21
DA:138,20
DA:143,19
DA:150,19
DA:155,19
DA:163,19
DA:165,19
LF:24
LH:19
BRDA:93,1,0,21
BRDA:93,1,1,4
BRDA:111,2,0,21
BRDA:111,2,1,0
BRDA:134,3,0,20
BRDA:134,3,1,1
BRDA:138,4,0,19
BRDA:138,4,1,1
BRDA:150,5,0,19
BRDA:150,5,1,0
BRF:10
BRH:8
end_of_record
TN:
SF:/Users/veronicac/Desktop/projects/freelance/atlantis-alpha/contracts/interfaces/IBooth.sol
FNF:0
FNH:0
LF:0
LH:0
BRF:0
BRH:0
end_of_record
TN:
SF:/Users/veronicac/Desktop/projects/freelance/atlantis-alpha/contracts/interfaces/ICoord.sol
FNF:0
FNH:0
LF:0
LH:0
BRF:0
BRH:0
end_of_record
TN:
SF:/Users/veronicac/Desktop/projects/freelance/atlantis-alpha/contracts/interfaces/ICore.sol
FNF:0
FNH:0
LF:0
LH:0
BRF:0
BRH:0
end_of_record
TN:
SF:/Users/veronicac/Desktop/projects/freelance/atlantis-alpha/contracts/interfaces/IExe.sol
FNF:0
FNH:0
LF:0
LH:0
BRF:0
BRH:0
end_of_record
TN:
SF:/Users/veronicac/Desktop/projects/freelance/atlantis-alpha/contracts/interfaces/IProp.sol
FNF:0
FNH:0
LF:0
LH:0
BRF:0
BRH:0
end_of_record
TN:
SF:/Users/veronicac/Desktop/projects/freelance/atlantis-alpha/contracts/interfaces/IWeight.sol
FNF:0
FNH:0
LF:0
LH:0
BRF:0
BRH:0
end_of_record
TN:
SF:/Users/veronicac/Desktop/projects/freelance/atlantis-alpha/contracts/openZeppelin/IERC20.sol
FNF:0
FNH:0
LF:0
LH:0
BRF:0
BRH:0
end_of_record
TN:
SF:/Users/veronicac/Desktop/projects/freelance/atlantis-alpha/contracts/openZeppelin/Initializable.sol
FN:44,constructor
FN:52,initializer
FNF:2
FNH:2
FNDA:588,constructor
FNDA:113,initializer
DA:45,588
DA:53,113
DA:57,112
DA:59,112
DA:61,112
DA:62,112
DA:63,112
DA:66,112
DA:68,112
DA:69,112
LF:10
LH:10
BRDA:53,1,0,112
BRDA:53,1,1,1
BRDA:57,2,0,112
BRDA:57,2,1,0
BRDA:61,3,0,112
BRDA:61,3,1,0
BRDA:68,4,0,112
BRDA:68,4,1,0
BRF:8
BRH:5
end_of_record
TN:
SF:/Users/veronicac/Desktop/projects/freelance/atlantis-alpha/contracts/openZeppelin/Token.sol
FN:8,constructor
FN:10,mint
FNF:2
FNH:2
FNDA:168,constructor
FNDA:226,mint
DA:11,226
LF:1
LH:1
BRF:0
BRH:0
end_of_record
TN:
SF:/Users/veronicac/Desktop/projects/freelance/atlantis-alpha/contracts/Proposals.sol
FN:41,onlyCoord
FN:52,constructor
FN:59,initialise
FN:75,getVoteType
FN:79,getExeOfProp
FN:83,getPropOfExe
FN:87,getProposalInfo
FN:111,getPropVotables
FN:134,createPropWithExe
FN:198,updateMinDelay
FN:214,updateDelays
FN:230,propVoting
FN:246,propExpire
FN:263,propDefeated
FN:282,propQueued
FN:301,propExecuted
FNF:16
FNH:12
FNDA:31,onlyCoord
FNDA:84,constructor
FNDA:28,initialise
FNDA:55,getVoteType
FNDA:0,getExeOfProp
FNDA:6,getPropOfExe
FNDA:0,getProposalInfo
FNDA:94,getPropVotables
FNDA:21,createPropWithExe
FNDA:0,updateMinDelay
FNDA:0,updateDelays
FNDA:16,propVoting
FNDA:3,propExpire
FNDA:2,propDefeated
FNDA:3,propQueued
FNDA:2,propExecuted
DA:42,31
DA:43,31
DA:44,26
DA:60,28
DA:61,28
DA:66,28
DA:67,28
DA:68,28
DA:76,55
DA:80,0
DA:84,6
DA:100,0
DA:122,94
DA:139,21
DA:140,21
DA:142,21
DA:143,21
DA:145,21
DA:150,21
DA:152,20
DA:156,20
DA:162,19
DA:163,19
DA:165,19
DA:167,19
DA:176,19
DA:178,19
DA:199,0
DA:200,0
DA:216,0
DA:221,0
DA:222,0
DA:231,16
DA:236,16
DA:247,3
DA:252,3
DA:253,3
DA:264,2
DA:269,2
DA:270,2
DA:283,3
DA:288,3
DA:302,2
DA:307,2
DA:308,2
LF:45
LH:38
BRDA:43,1,0,26
BRDA:43,1,1,5
BRDA:60,2,0,28
BRDA:60,2,1,0
BRDA:61,3,0,28
BRDA:61,3,1,0
BRDA:150,4,0,20
BRDA:150,4,1,1
BRDA:162,5,0,19
BRDA:162,5,1,0
BRDA:163,6,0,19
BRDA:163,6,1,0
BRDA:199,7,0,0
BRDA:199,7,1,0
BRDA:216,8,0,0
BRDA:216,8,1,0
BRDA:231,9,0,16
BRDA:231,9,1,0
BRDA:247,10,0,3
BRDA:247,10,1,0
BRDA:264,11,0,2
BRDA:264,11,1,0
BRDA:283,12,0,3
BRDA:283,12,1,0
BRDA:302,13,0,2
BRDA:302,13,1,0
BRF:26
BRH:13
end_of_record
TN:
SF:/Users/veronicac/Desktop/projects/freelance/atlantis-alpha/contracts/test/Testable.sol
FN:19,constructor
FN:26,onlyIfTest
FN:36,setCurrentTime
FN:45,getCurrentTime
FNF:4
FNH:2
FNDA:588,constructor
FNDA:0,onlyIfTest
FNDA:0,setCurrentTime
FNDA:141,getCurrentTime
DA:20,588
DA:27,0
DA:28,0
DA:37,0
DA:46,141
DA:47,141
DA:49,0
LF:7
LH:3
BRDA:27,1,0,0
BRDA:27,1,1,0
BRDA:46,2,0,141
BRDA:46,2,1,0
BRF:4
BRH:1
end_of_record
TN:
SF:/Users/veronicac/Desktop/projects/freelance/atlantis-alpha/contracts/test/TestExecutable.sol
FN:15,constructor
FN:19,setNumber
FN:28,setBytes
FN:37,isExecutable
FN:41,encodeBool
FN:45,encodeBytes32
FN:49,encodeBytes
FN:53,encodeKeyAddress
FN:57,encodeAddress
FN:61,getTime
FN:65,addSub
FNF:11
FNH:6
FNDA:84,constructor
FNDA:1,setNumber
FNDA:1,setBytes
FNDA:0,isExecutable
FNDA:0,encodeBool
FNDA:4,encodeBytes32
FNDA:0,encodeBytes
FNDA:2,encodeKeyAddress
FNDA:0,encodeAddress
FNDA:0,getTime
FNDA:1,addSub
DA:16,84
DA:24,1
DA:25,1
DA:33,1
DA:34,1
DA:38,0
DA:42,0
DA:46,4
DA:50,0
DA:54,2
DA:58,0
DA:62,0
DA:66,1
LF:13
LH:8
BRF:0
BRH:0
end_of_record
TN:
SF:/Users/veronicac/Desktop/projects/freelance/atlantis-alpha/contracts/test/Timer.sol
FN:10,constructor
FN:19,setCurrentTime
FN:27,getCurrentTime
FNF:3
FNH:3
FNDA:84,constructor
FNDA:29,setCurrentTime
FNDA:141,getCurrentTime
DA:11,84
DA:20,29
DA:28,141
LF:3
LH:3
BRF:0
BRH:0
end_of_record
TN:
SF:/Users/veronicac/Desktop/projects/freelance/atlantis-alpha/contracts/VoteWeight.sol
FN:22,constructor
FN:27,initialise
FN:48,getVoteWeight
FN:69,getTotalWeight
FNF:4
FNH:4
FNDA:84,constructor
FNDA:28,initialise
FNDA:44,getVoteWeight
FNDA:18,getTotalWeight
DA:29,28
DA:30,28
DA:58,44
DA:62,44
DA:63,0
DA:65,44
DA:71,18
DA:72,18
LF:8
LH:7
BRDA:62,1,0,0
BRDA:62,1,1,44
BRF:2
BRH:1
end_of_record
TN:
SF:/Users/veronicac/Desktop/projects/freelance/atlantis-alpha/contracts/VotingBooth.sol
FN:32,constructor
FN:39,initialise
FN:47,getVoteType
FN:51,consensusReached
FN:68,vote
FN:93,addVoteType
FN:101,_addVoteType
FNF:7
FNH:6
FNDA:84,constructor
FNDA:28,initialise
FNDA:47,getVoteType
FNDA:8,consensusReached
FNDA:47,vote
FNDA:0,addVoteType
FNDA:28,_addVoteType
DA:40,28
DA:48,47
DA:57,8
DA:59,8
DA:61,8
DA:69,47
DA:71,47
DA:72,47
DA:74,47
DA:79,46
DA:81,44
DA:83,44
DA:94,0
DA:106,28
DA:111,28
DA:113,28
LF:16
LH:15
BRDA:74,1,0,46
BRDA:74,1,1,1
BRDA:83,2,0,43
BRDA:83,2,1,1
BRF:4
BRH:4
end_of_record
TN:
SF:/Users/veronicac/Desktop/projects/freelance/atlantis-alpha/contracts/votingTypes/IVoteType.sol
FNF:0
FNH:0
LF:0
LH:0
BRF:0
BRH:0
end_of_record
TN:
SF:/Users/veronicac/Desktop/projects/freelance/atlantis-alpha/contracts/votingTypes/SimpleMajority.sol
FN:25,onlyVotingBooth
FN:36,constructor
FN:50,decodeCastBallot
FN:58,encodeBallot
FN:62,getCurrentVote
FN:72,hasVoted
FN:76,consensusReached
FN:111,vote
FNF:8
FNH:8
FNDA:44,onlyVotingBooth
FNDA:84,constructor
FNDA:44,decodeCastBallot
FNDA:32,encodeBallot
FNDA:5,getCurrentVote
FNDA:2,hasVoted
FNDA:18,consensusReached
FNDA:44,vote
DA:26,44
DA:27,44
DA:28,44
DA:55,44
DA:59,32
DA:67,5
DA:68,5
DA:69,5
DA:73,2
DA:82,18
DA:86,18
DA:88,18
DA:91,18
DA:93,10
DA:95,18
DA:99,11
DA:112,44
DA:118,44
DA:119,44
DA:121,44
DA:125,44
DA:130,44
DA:131,43
DA:132,27
DA:134,16
DA:137,1
DA:140,43
LF:27
LH:27
BRDA:27,1,0,44
BRDA:27,1,1,0
BRDA:91,2,0,10
BRDA:91,2,1,8
BRDA:95,3,0,11
BRDA:95,3,1,7
BRDA:112,4,0,44
BRDA:112,4,1,0
BRDA:131,5,0,27
BRDA:131,5,1,16
BRDA:137,6,0,0
BRDA:137,6,1,1
BRF:12
BRH:9
end_of_record
